Terminals unused in grammar

   PE_PREFIX_RAW
   PE_PREFIX_GROUP
   PE_ERROR


Grammar

    0 $accept: start $end

    1 start: PE_START_EVENTS start_events
    2      | PE_START_TERMS start_terms

    3 start_events: groups

    4 groups: groups ',' group
    5       | groups ',' event
    6       | group
    7       | event

    8 group: group_def ':' PE_MODIFIER_EVENT
    9      | group_def

   10 group_def: PE_NAME '{' events '}'
   11          | '{' events '}'

   12 events: events ',' event
   13       | event

   14 event: event_mod

   15 event_mod: event_name PE_MODIFIER_EVENT
   16          | event_name

   17 event_name: PE_EVENT_NAME event_def
   18           | event_def

   19 event_def: event_pmu
   20          | event_legacy_symbol
   21          | event_legacy_cache sep_dc
   22          | event_legacy_mem
   23          | event_legacy_tracepoint sep_dc
   24          | event_legacy_numeric sep_dc
   25          | event_legacy_raw sep_dc
   26          | event_bpf_file

   27 event_pmu: PE_NAME '/' event_config '/'
   28          | PE_NAME '/' '/'
   29          | PE_KERNEL_PMU_EVENT sep_dc
   30          | PE_PMU_EVENT_PRE '-' PE_PMU_EVENT_SUF sep_dc

   31 value_sym: PE_VALUE_SYM_HW
   32          | PE_VALUE_SYM_SW

   33 event_legacy_symbol: value_sym '/' event_config '/'
   34                    | value_sym sep_slash_dc

   35 event_legacy_cache: PE_NAME_CACHE_TYPE '-' PE_NAME_CACHE_OP_RESULT '-' PE_NAME_CACHE_OP_RESULT
   36                   | PE_NAME_CACHE_TYPE '-' PE_NAME_CACHE_OP_RESULT
   37                   | PE_NAME_CACHE_TYPE

   38 event_legacy_mem: PE_PREFIX_MEM PE_VALUE '/' PE_VALUE ':' PE_MODIFIER_BP sep_dc
   39                 | PE_PREFIX_MEM PE_VALUE '/' PE_VALUE sep_dc
   40                 | PE_PREFIX_MEM PE_VALUE ':' PE_MODIFIER_BP sep_dc
   41                 | PE_PREFIX_MEM PE_VALUE sep_dc

   42 event_legacy_tracepoint: tracepoint_name
   43                        | tracepoint_name '/' event_config '/'

   44 tracepoint_name: PE_NAME '-' PE_NAME ':' PE_NAME
   45                | PE_NAME ':' PE_NAME

   46 event_legacy_numeric: PE_VALUE ':' PE_VALUE

   47 event_legacy_raw: PE_RAW

   48 event_bpf_file: PE_BPF_OBJECT
   49               | PE_BPF_SOURCE

   50 start_terms: event_config

   51 event_config: event_config ',' event_term
   52             | event_term

   53 event_term: PE_NAME '=' PE_NAME
   54           | PE_NAME '=' PE_VALUE
   55           | PE_NAME '=' PE_VALUE_SYM_HW
   56           | PE_NAME
   57           | PE_VALUE_SYM_HW
   58           | PE_TERM '=' PE_NAME
   59           | PE_TERM '=' PE_VALUE
   60           | PE_TERM

   61 sep_dc: ':'
   62       | %empty

   63 sep_slash_dc: '/'
   64             | ':'
   65             | %empty


Terminals, with rules where they appear

$end (0) 0
',' (44) 4 5 12 51
'-' (45) 30 35 36 44
'/' (47) 27 28 33 38 39 43 63
':' (58) 8 38 40 44 45 46 61 64
'=' (61) 53 54 55 58 59
'{' (123) 10 11
'}' (125) 10 11
error (256)
PE_START_EVENTS (258) 1
PE_START_TERMS (259) 2
PE_VALUE (260) 38 39 40 41 46 54 59
PE_VALUE_SYM_HW (261) 31 55 57
PE_VALUE_SYM_SW (262) 32
PE_RAW (263) 47
PE_TERM (264) 58 59 60
PE_EVENT_NAME (265) 17
PE_NAME (266) 10 27 28 44 45 53 54 55 56 58
PE_BPF_OBJECT (267) 48
PE_BPF_SOURCE (268) 49
PE_MODIFIER_EVENT (269) 8 15
PE_MODIFIER_BP (270) 38 40
PE_NAME_CACHE_TYPE (271) 35 36 37
PE_NAME_CACHE_OP_RESULT (272) 35 36
PE_PREFIX_MEM (273) 38 39 40 41
PE_PREFIX_RAW (274)
PE_PREFIX_GROUP (275)
PE_ERROR (276)
PE_PMU_EVENT_PRE (277) 30
PE_PMU_EVENT_SUF (278) 30
PE_KERNEL_PMU_EVENT (279) 29


Nonterminals, with rules where they appear

$accept (32)
    on left: 0
start (33)
    on left: 1 2, on right: 0
start_events (34)
    on left: 3, on right: 1
groups (35)
    on left: 4 5 6 7, on right: 3 4 5
group (36)
    on left: 8 9, on right: 4 6
group_def (37)
    on left: 10 11, on right: 8 9
events (38)
    on left: 12 13, on right: 10 11 12
event (39)
    on left: 14, on right: 5 7 12 13
event_mod (40)
    on left: 15 16, on right: 14
event_name (41)
    on left: 17 18, on right: 15 16
event_def (42)
    on left: 19 20 21 22 23 24 25 26, on right: 17 18
event_pmu (43)
    on left: 27 28 29 30, on right: 19
value_sym (44)
    on left: 31 32, on right: 33 34
event_legacy_symbol (45)
    on left: 33 34, on right: 20
event_legacy_cache (46)
    on left: 35 36 37, on right: 21
event_legacy_mem (47)
    on left: 38 39 40 41, on right: 22
event_legacy_tracepoint (48)
    on left: 42 43, on right: 23
tracepoint_name (49)
    on left: 44 45, on right: 42 43
event_legacy_numeric (50)
    on left: 46, on right: 24
event_legacy_raw (51)
    on left: 47, on right: 25
event_bpf_file (52)
    on left: 48 49, on right: 26
start_terms (53)
    on left: 50, on right: 2
event_config (54)
    on left: 51 52, on right: 27 33 43 50 51
event_term (55)
    on left: 53 54 55 56 57 58 59 60, on right: 51 52
sep_dc (56)
    on left: 61 62, on right: 21 23 24 25 29 30 38 39 40 41
sep_slash_dc (57)
    on left: 63 64 65, on right: 34


State 0

    0 $accept: . start $end

    PE_START_EVENTS  shift, and go to state 1
    PE_START_TERMS   shift, and go to state 2

    start  go to state 3


State 1

    1 start: PE_START_EVENTS . start_events

    PE_VALUE             shift, and go to state 4
    PE_VALUE_SYM_HW      shift, and go to state 5
    PE_VALUE_SYM_SW      shift, and go to state 6
    PE_RAW               shift, and go to state 7
    PE_EVENT_NAME        shift, and go to state 8
    PE_NAME              shift, and go to state 9
    PE_BPF_OBJECT        shift, and go to state 10
    PE_BPF_SOURCE        shift, and go to state 11
    PE_NAME_CACHE_TYPE   shift, and go to state 12
    PE_PREFIX_MEM        shift, and go to state 13
    PE_PMU_EVENT_PRE     shift, and go to state 14
    PE_KERNEL_PMU_EVENT  shift, and go to state 15
    '{'                  shift, and go to state 16

    start_events             go to state 17
    groups                   go to state 18
    group                    go to state 19
    group_def                go to state 20
    event                    go to state 21
    event_mod                go to state 22
    event_name               go to state 23
    event_def                go to state 24
    event_pmu                go to state 25
    value_sym                go to state 26
    event_legacy_symbol      go to state 27
    event_legacy_cache       go to state 28
    event_legacy_mem         go to state 29
    event_legacy_tracepoint  go to state 30
    tracepoint_name          go to state 31
    event_legacy_numeric     go to state 32
    event_legacy_raw         go to state 33
    event_bpf_file           go to state 34


State 2

    2 start: PE_START_TERMS . start_terms

    PE_VALUE_SYM_HW  shift, and go to state 35
    PE_TERM          shift, and go to state 36
    PE_NAME          shift, and go to state 37

    start_terms   go to state 38
    event_config  go to state 39
    event_term    go to state 40


State 3

    0 $accept: start . $end

    $end  shift, and go to state 41


State 4

   46 event_legacy_numeric: PE_VALUE . ':' PE_VALUE

    ':'  shift, and go to state 42


State 5

   31 value_sym: PE_VALUE_SYM_HW .

    $default  reduce using rule 31 (value_sym)


State 6

   32 value_sym: PE_VALUE_SYM_SW .

    $default  reduce using rule 32 (value_sym)


State 7

   47 event_legacy_raw: PE_RAW .

    $default  reduce using rule 47 (event_legacy_raw)


State 8

   17 event_name: PE_EVENT_NAME . event_def

    PE_VALUE             shift, and go to state 4
    PE_VALUE_SYM_HW      shift, and go to state 5
    PE_VALUE_SYM_SW      shift, and go to state 6
    PE_RAW               shift, and go to state 7
    PE_NAME              shift, and go to state 43
    PE_BPF_OBJECT        shift, and go to state 10
    PE_BPF_SOURCE        shift, and go to state 11
    PE_NAME_CACHE_TYPE   shift, and go to state 12
    PE_PREFIX_MEM        shift, and go to state 13
    PE_PMU_EVENT_PRE     shift, and go to state 14
    PE_KERNEL_PMU_EVENT  shift, and go to state 15

    event_def                go to state 44
    event_pmu                go to state 25
    value_sym                go to state 26
    event_legacy_symbol      go to state 27
    event_legacy_cache       go to state 28
    event_legacy_mem         go to state 29
    event_legacy_tracepoint  go to state 30
    tracepoint_name          go to state 31
    event_legacy_numeric     go to state 32
    event_legacy_raw         go to state 33
    event_bpf_file           go to state 34


State 9

   10 group_def: PE_NAME . '{' events '}'
   27 event_pmu: PE_NAME . '/' event_config '/'
   28          | PE_NAME . '/' '/'
   44 tracepoint_name: PE_NAME . '-' PE_NAME ':' PE_NAME
   45                | PE_NAME . ':' PE_NAME

    ':'  shift, and go to state 45
    '{'  shift, and go to state 46
    '/'  shift, and go to state 47
    '-'  shift, and go to state 48


State 10

   48 event_bpf_file: PE_BPF_OBJECT .

    $default  reduce using rule 48 (event_bpf_file)


State 11

   49 event_bpf_file: PE_BPF_SOURCE .

    $default  reduce using rule 49 (event_bpf_file)


State 12

   35 event_legacy_cache: PE_NAME_CACHE_TYPE . '-' PE_NAME_CACHE_OP_RESULT '-' PE_NAME_CACHE_OP_RESULT
   36                   | PE_NAME_CACHE_TYPE . '-' PE_NAME_CACHE_OP_RESULT
   37                   | PE_NAME_CACHE_TYPE .

    '-'  shift, and go to state 49

    $default  reduce using rule 37 (event_legacy_cache)


State 13

   38 event_legacy_mem: PE_PREFIX_MEM . PE_VALUE '/' PE_VALUE ':' PE_MODIFIER_BP sep_dc
   39                 | PE_PREFIX_MEM . PE_VALUE '/' PE_VALUE sep_dc
   40                 | PE_PREFIX_MEM . PE_VALUE ':' PE_MODIFIER_BP sep_dc
   41                 | PE_PREFIX_MEM . PE_VALUE sep_dc

    PE_VALUE  shift, and go to state 50


State 14

   30 event_pmu: PE_PMU_EVENT_PRE . '-' PE_PMU_EVENT_SUF sep_dc

    '-'  shift, and go to state 51


State 15

   29 event_pmu: PE_KERNEL_PMU_EVENT . sep_dc

    ':'  shift, and go to state 52

    $default  reduce using rule 62 (sep_dc)

    sep_dc  go to state 53


State 16

   11 group_def: '{' . events '}'

    PE_VALUE             shift, and go to state 4
    PE_VALUE_SYM_HW      shift, and go to state 5
    PE_VALUE_SYM_SW      shift, and go to state 6
    PE_RAW               shift, and go to state 7
    PE_EVENT_NAME        shift, and go to state 8
    PE_NAME              shift, and go to state 43
    PE_BPF_OBJECT        shift, and go to state 10
    PE_BPF_SOURCE        shift, and go to state 11
    PE_NAME_CACHE_TYPE   shift, and go to state 12
    PE_PREFIX_MEM        shift, and go to state 13
    PE_PMU_EVENT_PRE     shift, and go to state 14
    PE_KERNEL_PMU_EVENT  shift, and go to state 15

    events                   go to state 54
    event                    go to state 55
    event_mod                go to state 22
    event_name               go to state 23
    event_def                go to state 24
    event_pmu                go to state 25
    value_sym                go to state 26
    event_legacy_symbol      go to state 27
    event_legacy_cache       go to state 28
    event_legacy_mem         go to state 29
    event_legacy_tracepoint  go to state 30
    tracepoint_name          go to state 31
    event_legacy_numeric     go to state 32
    event_legacy_raw         go to state 33
    event_bpf_file           go to state 34


State 17

    1 start: PE_START_EVENTS start_events .

    $default  reduce using rule 1 (start)


State 18

    3 start_events: groups .
    4 groups: groups . ',' group
    5       | groups . ',' event

    ','  shift, and go to state 56

    $default  reduce using rule 3 (start_events)


State 19

    6 groups: group .

    $default  reduce using rule 6 (groups)


State 20

    8 group: group_def . ':' PE_MODIFIER_EVENT
    9      | group_def .

    ':'  shift, and go to state 57

    $default  reduce using rule 9 (group)


State 21

    7 groups: event .

    $default  reduce using rule 7 (groups)


State 22

   14 event: event_mod .

    $default  reduce using rule 14 (event)


State 23

   15 event_mod: event_name . PE_MODIFIER_EVENT
   16          | event_name .

    PE_MODIFIER_EVENT  shift, and go to state 58

    $default  reduce using rule 16 (event_mod)


State 24

   18 event_name: event_def .

    $default  reduce using rule 18 (event_name)


State 25

   19 event_def: event_pmu .

    $default  reduce using rule 19 (event_def)


State 26

   33 event_legacy_symbol: value_sym . '/' event_config '/'
   34                    | value_sym . sep_slash_dc

    ':'  shift, and go to state 59
    '/'  shift, and go to state 60

    $default  reduce using rule 65 (sep_slash_dc)

    sep_slash_dc  go to state 61


State 27

   20 event_def: event_legacy_symbol .

    $default  reduce using rule 20 (event_def)


State 28

   21 event_def: event_legacy_cache . sep_dc

    ':'  shift, and go to state 52

    $default  reduce using rule 62 (sep_dc)

    sep_dc  go to state 62


State 29

   22 event_def: event_legacy_mem .

    $default  reduce using rule 22 (event_def)


State 30

   23 event_def: event_legacy_tracepoint . sep_dc

    ':'  shift, and go to state 52

    $default  reduce using rule 62 (sep_dc)

    sep_dc  go to state 63


State 31

   42 event_legacy_tracepoint: tracepoint_name .
   43                        | tracepoint_name . '/' event_config '/'

    '/'  shift, and go to state 64

    $default  reduce using rule 42 (event_legacy_tracepoint)


State 32

   24 event_def: event_legacy_numeric . sep_dc

    ':'  shift, and go to state 52

    $default  reduce using rule 62 (sep_dc)

    sep_dc  go to state 65


State 33

   25 event_def: event_legacy_raw . sep_dc

    ':'  shift, and go to state 52

    $default  reduce using rule 62 (sep_dc)

    sep_dc  go to state 66


State 34

   26 event_def: event_bpf_file .

    $default  reduce using rule 26 (event_def)


State 35

   57 event_term: PE_VALUE_SYM_HW .

    $default  reduce using rule 57 (event_term)


State 36

   58 event_term: PE_TERM . '=' PE_NAME
   59           | PE_TERM . '=' PE_VALUE
   60           | PE_TERM .

    '='  shift, and go to state 67

    $default  reduce using rule 60 (event_term)


State 37

   53 event_term: PE_NAME . '=' PE_NAME
   54           | PE_NAME . '=' PE_VALUE
   55           | PE_NAME . '=' PE_VALUE_SYM_HW
   56           | PE_NAME .

    '='  shift, and go to state 68

    $default  reduce using rule 56 (event_term)


State 38

    2 start: PE_START_TERMS start_terms .

    $default  reduce using rule 2 (start)


State 39

   50 start_terms: event_config .
   51 event_config: event_config . ',' event_term

    ','  shift, and go to state 69

    $default  reduce using rule 50 (start_terms)


State 40

   52 event_config: event_term .

    $default  reduce using rule 52 (event_config)


State 41

    0 $accept: start $end .

    $default  accept


State 42

   46 event_legacy_numeric: PE_VALUE ':' . PE_VALUE

    PE_VALUE  shift, and go to state 70


State 43

   27 event_pmu: PE_NAME . '/' event_config '/'
   28          | PE_NAME . '/' '/'
   44 tracepoint_name: PE_NAME . '-' PE_NAME ':' PE_NAME
   45                | PE_NAME . ':' PE_NAME

    ':'  shift, and go to state 45
    '/'  shift, and go to state 47
    '-'  shift, and go to state 48


State 44

   17 event_name: PE_EVENT_NAME event_def .

    $default  reduce using rule 17 (event_name)


State 45

   45 tracepoint_name: PE_NAME ':' . PE_NAME

    PE_NAME  shift, and go to state 71


State 46

   10 group_def: PE_NAME '{' . events '}'

    PE_VALUE             shift, and go to state 4
    PE_VALUE_SYM_HW      shift, and go to state 5
    PE_VALUE_SYM_SW      shift, and go to state 6
    PE_RAW               shift, and go to state 7
    PE_EVENT_NAME        shift, and go to state 8
    PE_NAME              shift, and go to state 43
    PE_BPF_OBJECT        shift, and go to state 10
    PE_BPF_SOURCE        shift, and go to state 11
    PE_NAME_CACHE_TYPE   shift, and go to state 12
    PE_PREFIX_MEM        shift, and go to state 13
    PE_PMU_EVENT_PRE     shift, and go to state 14
    PE_KERNEL_PMU_EVENT  shift, and go to state 15

    events                   go to state 72
    event                    go to state 55
    event_mod                go to state 22
    event_name               go to state 23
    event_def                go to state 24
    event_pmu                go to state 25
    value_sym                go to state 26
    event_legacy_symbol      go to state 27
    event_legacy_cache       go to state 28
    event_legacy_mem         go to state 29
    event_legacy_tracepoint  go to state 30
    tracepoint_name          go to state 31
    event_legacy_numeric     go to state 32
    event_legacy_raw         go to state 33
    event_bpf_file           go to state 34


State 47

   27 event_pmu: PE_NAME '/' . event_config '/'
   28          | PE_NAME '/' . '/'

    PE_VALUE_SYM_HW  shift, and go to state 35
    PE_TERM          shift, and go to state 36
    PE_NAME          shift, and go to state 37
    '/'              shift, and go to state 73

    event_config  go to state 74
    event_term    go to state 40


State 48

   44 tracepoint_name: PE_NAME '-' . PE_NAME ':' PE_NAME

    PE_NAME  shift, and go to state 75


State 49

   35 event_legacy_cache: PE_NAME_CACHE_TYPE '-' . PE_NAME_CACHE_OP_RESULT '-' PE_NAME_CACHE_OP_RESULT
   36                   | PE_NAME_CACHE_TYPE '-' . PE_NAME_CACHE_OP_RESULT

    PE_NAME_CACHE_OP_RESULT  shift, and go to state 76


State 50

   38 event_legacy_mem: PE_PREFIX_MEM PE_VALUE . '/' PE_VALUE ':' PE_MODIFIER_BP sep_dc
   39                 | PE_PREFIX_MEM PE_VALUE . '/' PE_VALUE sep_dc
   40                 | PE_PREFIX_MEM PE_VALUE . ':' PE_MODIFIER_BP sep_dc
   41                 | PE_PREFIX_MEM PE_VALUE . sep_dc

    ':'  shift, and go to state 77
    '/'  shift, and go to state 78

    $default  reduce using rule 62 (sep_dc)

    sep_dc  go to state 79


State 51

   30 event_pmu: PE_PMU_EVENT_PRE '-' . PE_PMU_EVENT_SUF sep_dc

    PE_PMU_EVENT_SUF  shift, and go to state 80


State 52

   61 sep_dc: ':' .

    $default  reduce using rule 61 (sep_dc)


State 53

   29 event_pmu: PE_KERNEL_PMU_EVENT sep_dc .

    $default  reduce using rule 29 (event_pmu)


State 54

   11 group_def: '{' events . '}'
   12 events: events . ',' event

    ','  shift, and go to state 81
    '}'  shift, and go to state 82


State 55

   13 events: event .

    $default  reduce using rule 13 (events)


State 56

    4 groups: groups ',' . group
    5       | groups ',' . event

    PE_VALUE             shift, and go to state 4
    PE_VALUE_SYM_HW      shift, and go to state 5
    PE_VALUE_SYM_SW      shift, and go to state 6
    PE_RAW               shift, and go to state 7
    PE_EVENT_NAME        shift, and go to state 8
    PE_NAME              shift, and go to state 9
    PE_BPF_OBJECT        shift, and go to state 10
    PE_BPF_SOURCE        shift, and go to state 11
    PE_NAME_CACHE_TYPE   shift, and go to state 12
    PE_PREFIX_MEM        shift, and go to state 13
    PE_PMU_EVENT_PRE     shift, and go to state 14
    PE_KERNEL_PMU_EVENT  shift, and go to state 15
    '{'                  shift, and go to state 16

    group                    go to state 83
    group_def                go to state 20
    event                    go to state 84
    event_mod                go to state 22
    event_name               go to state 23
    event_def                go to state 24
    event_pmu                go to state 25
    value_sym                go to state 26
    event_legacy_symbol      go to state 27
    event_legacy_cache       go to state 28
    event_legacy_mem         go to state 29
    event_legacy_tracepoint  go to state 30
    tracepoint_name          go to state 31
    event_legacy_numeric     go to state 32
    event_legacy_raw         go to state 33
    event_bpf_file           go to state 34


State 57

    8 group: group_def ':' . PE_MODIFIER_EVENT

    PE_MODIFIER_EVENT  shift, and go to state 85


State 58

   15 event_mod: event_name PE_MODIFIER_EVENT .

    $default  reduce using rule 15 (event_mod)


State 59

   64 sep_slash_dc: ':' .

    $default  reduce using rule 64 (sep_slash_dc)


State 60

   33 event_legacy_symbol: value_sym '/' . event_config '/'
   63 sep_slash_dc: '/' .

    PE_VALUE_SYM_HW  shift, and go to state 35
    PE_TERM          shift, and go to state 36
    PE_NAME          shift, and go to state 37

    $default  reduce using rule 63 (sep_slash_dc)

    event_config  go to state 86
    event_term    go to state 40


State 61

   34 event_legacy_symbol: value_sym sep_slash_dc .

    $default  reduce using rule 34 (event_legacy_symbol)


State 62

   21 event_def: event_legacy_cache sep_dc .

    $default  reduce using rule 21 (event_def)


State 63

   23 event_def: event_legacy_tracepoint sep_dc .

    $default  reduce using rule 23 (event_def)


State 64

   43 event_legacy_tracepoint: tracepoint_name '/' . event_config '/'

    PE_VALUE_SYM_HW  shift, and go to state 35
    PE_TERM          shift, and go to state 36
    PE_NAME          shift, and go to state 37

    event_config  go to state 87
    event_term    go to state 40


State 65

   24 event_def: event_legacy_numeric sep_dc .

    $default  reduce using rule 24 (event_def)


State 66

   25 event_def: event_legacy_raw sep_dc .

    $default  reduce using rule 25 (event_def)


State 67

   58 event_term: PE_TERM '=' . PE_NAME
   59           | PE_TERM '=' . PE_VALUE

    PE_VALUE  shift, and go to state 88
    PE_NAME   shift, and go to state 89


State 68

   53 event_term: PE_NAME '=' . PE_NAME
   54           | PE_NAME '=' . PE_VALUE
   55           | PE_NAME '=' . PE_VALUE_SYM_HW

    PE_VALUE         shift, and go to state 90
    PE_VALUE_SYM_HW  shift, and go to state 91
    PE_NAME          shift, and go to state 92


State 69

   51 event_config: event_config ',' . event_term

    PE_VALUE_SYM_HW  shift, and go to state 35
    PE_TERM          shift, and go to state 36
    PE_NAME          shift, and go to state 37

    event_term  go to state 93


State 70

   46 event_legacy_numeric: PE_VALUE ':' PE_VALUE .

    $default  reduce using rule 46 (event_legacy_numeric)


State 71

   45 tracepoint_name: PE_NAME ':' PE_NAME .

    $default  reduce using rule 45 (tracepoint_name)


State 72

   10 group_def: PE_NAME '{' events . '}'
   12 events: events . ',' event

    ','  shift, and go to state 81
    '}'  shift, and go to state 94


State 73

   28 event_pmu: PE_NAME '/' '/' .

    $default  reduce using rule 28 (event_pmu)


State 74

   27 event_pmu: PE_NAME '/' event_config . '/'
   51 event_config: event_config . ',' event_term

    ','  shift, and go to state 69
    '/'  shift, and go to state 95


State 75

   44 tracepoint_name: PE_NAME '-' PE_NAME . ':' PE_NAME

    ':'  shift, and go to state 96


State 76

   35 event_legacy_cache: PE_NAME_CACHE_TYPE '-' PE_NAME_CACHE_OP_RESULT . '-' PE_NAME_CACHE_OP_RESULT
   36                   | PE_NAME_CACHE_TYPE '-' PE_NAME_CACHE_OP_RESULT .

    '-'  shift, and go to state 97

    $default  reduce using rule 36 (event_legacy_cache)


State 77

   40 event_legacy_mem: PE_PREFIX_MEM PE_VALUE ':' . PE_MODIFIER_BP sep_dc
   61 sep_dc: ':' .

    PE_MODIFIER_BP  shift, and go to state 98

    $default  reduce using rule 61 (sep_dc)


State 78

   38 event_legacy_mem: PE_PREFIX_MEM PE_VALUE '/' . PE_VALUE ':' PE_MODIFIER_BP sep_dc
   39                 | PE_PREFIX_MEM PE_VALUE '/' . PE_VALUE sep_dc

    PE_VALUE  shift, and go to state 99


State 79

   41 event_legacy_mem: PE_PREFIX_MEM PE_VALUE sep_dc .

    $default  reduce using rule 41 (event_legacy_mem)


State 80

   30 event_pmu: PE_PMU_EVENT_PRE '-' PE_PMU_EVENT_SUF . sep_dc

    ':'  shift, and go to state 52

    $default  reduce using rule 62 (sep_dc)

    sep_dc  go to state 100


State 81

   12 events: events ',' . event

    PE_VALUE             shift, and go to state 4
    PE_VALUE_SYM_HW      shift, and go to state 5
    PE_VALUE_SYM_SW      shift, and go to state 6
    PE_RAW               shift, and go to state 7
    PE_EVENT_NAME        shift, and go to state 8
    PE_NAME              shift, and go to state 43
    PE_BPF_OBJECT        shift, and go to state 10
    PE_BPF_SOURCE        shift, and go to state 11
    PE_NAME_CACHE_TYPE   shift, and go to state 12
    PE_PREFIX_MEM        shift, and go to state 13
    PE_PMU_EVENT_PRE     shift, and go to state 14
    PE_KERNEL_PMU_EVENT  shift, and go to state 15

    event                    go to state 101
    event_mod                go to state 22
    event_name               go to state 23
    event_def                go to state 24
    event_pmu                go to state 25
    value_sym                go to state 26
    event_legacy_symbol      go to state 27
    event_legacy_cache       go to state 28
    event_legacy_mem         go to state 29
    event_legacy_tracepoint  go to state 30
    tracepoint_name          go to state 31
    event_legacy_numeric     go to state 32
    event_legacy_raw         go to state 33
    event_bpf_file           go to state 34


State 82

   11 group_def: '{' events '}' .

    $default  reduce using rule 11 (group_def)


State 83

    4 groups: groups ',' group .

    $default  reduce using rule 4 (groups)


State 84

    5 groups: groups ',' event .

    $default  reduce using rule 5 (groups)


State 85

    8 group: group_def ':' PE_MODIFIER_EVENT .

    $default  reduce using rule 8 (group)


State 86

   33 event_legacy_symbol: value_sym '/' event_config . '/'
   51 event_config: event_config . ',' event_term

    ','  shift, and go to state 69
    '/'  shift, and go to state 102


State 87

   43 event_legacy_tracepoint: tracepoint_name '/' event_config . '/'
   51 event_config: event_config . ',' event_term

    ','  shift, and go to state 69
    '/'  shift, and go to state 103


State 88

   59 event_term: PE_TERM '=' PE_VALUE .

    $default  reduce using rule 59 (event_term)


State 89

   58 event_term: PE_TERM '=' PE_NAME .

    $default  reduce using rule 58 (event_term)


State 90

   54 event_term: PE_NAME '=' PE_VALUE .

    $default  reduce using rule 54 (event_term)


State 91

   55 event_term: PE_NAME '=' PE_VALUE_SYM_HW .

    $default  reduce using rule 55 (event_term)


State 92

   53 event_term: PE_NAME '=' PE_NAME .

    $default  reduce using rule 53 (event_term)


State 93

   51 event_config: event_config ',' event_term .

    $default  reduce using rule 51 (event_config)


State 94

   10 group_def: PE_NAME '{' events '}' .

    $default  reduce using rule 10 (group_def)


State 95

   27 event_pmu: PE_NAME '/' event_config '/' .

    $default  reduce using rule 27 (event_pmu)


State 96

   44 tracepoint_name: PE_NAME '-' PE_NAME ':' . PE_NAME

    PE_NAME  shift, and go to state 104


State 97

   35 event_legacy_cache: PE_NAME_CACHE_TYPE '-' PE_NAME_CACHE_OP_RESULT '-' . PE_NAME_CACHE_OP_RESULT

    PE_NAME_CACHE_OP_RESULT  shift, and go to state 105


State 98

   40 event_legacy_mem: PE_PREFIX_MEM PE_VALUE ':' PE_MODIFIER_BP . sep_dc

    ':'  shift, and go to state 52

    $default  reduce using rule 62 (sep_dc)

    sep_dc  go to state 106


State 99

   38 event_legacy_mem: PE_PREFIX_MEM PE_VALUE '/' PE_VALUE . ':' PE_MODIFIER_BP sep_dc
   39                 | PE_PREFIX_MEM PE_VALUE '/' PE_VALUE . sep_dc

    ':'  shift, and go to state 107

    $default  reduce using rule 62 (sep_dc)

    sep_dc  go to state 108


State 100

   30 event_pmu: PE_PMU_EVENT_PRE '-' PE_PMU_EVENT_SUF sep_dc .

    $default  reduce using rule 30 (event_pmu)


State 101

   12 events: events ',' event .

    $default  reduce using rule 12 (events)


State 102

   33 event_legacy_symbol: value_sym '/' event_config '/' .

    $default  reduce using rule 33 (event_legacy_symbol)


State 103

   43 event_legacy_tracepoint: tracepoint_name '/' event_config '/' .

    $default  reduce using rule 43 (event_legacy_tracepoint)


State 104

   44 tracepoint_name: PE_NAME '-' PE_NAME ':' PE_NAME .

    $default  reduce using rule 44 (tracepoint_name)


State 105

   35 event_legacy_cache: PE_NAME_CACHE_TYPE '-' PE_NAME_CACHE_OP_RESULT '-' PE_NAME_CACHE_OP_RESULT .

    $default  reduce using rule 35 (event_legacy_cache)


State 106

   40 event_legacy_mem: PE_PREFIX_MEM PE_VALUE ':' PE_MODIFIER_BP sep_dc .

    $default  reduce using rule 40 (event_legacy_mem)


State 107

   38 event_legacy_mem: PE_PREFIX_MEM PE_VALUE '/' PE_VALUE ':' . PE_MODIFIER_BP sep_dc
   61 sep_dc: ':' .

    PE_MODIFIER_BP  shift, and go to state 109

    $default  reduce using rule 61 (sep_dc)


State 108

   39 event_legacy_mem: PE_PREFIX_MEM PE_VALUE '/' PE_VALUE sep_dc .

    $default  reduce using rule 39 (event_legacy_mem)


State 109

   38 event_legacy_mem: PE_PREFIX_MEM PE_VALUE '/' PE_VALUE ':' PE_MODIFIER_BP . sep_dc

    ':'  shift, and go to state 52

    $default  reduce using rule 62 (sep_dc)

    sep_dc  go to state 110


State 110

   38 event_legacy_mem: PE_PREFIX_MEM PE_VALUE '/' PE_VALUE ':' PE_MODIFIER_BP sep_dc .

    $default  reduce using rule 38 (event_legacy_mem)
